[2022-11-23T15:26:41,802][INFO ][o.e.n.Node               ] [node-1] version[7.17.0], pid[14572], build[default/zip/bee86328705acaa9a6daede7140defd4d9ec56bd/2022-01-28T08:36:04.875279988Z], OS[Windows 10/10.0/amd64], JVM[Eclipse Adoptium/OpenJDK 64-Bit Server VM/17.0.1/17.0.1+12]
[2022-11-23T15:26:41,810][INFO ][o.e.n.Node               ] [node-1] JVM home [C:\Users\301Lab\Desktop\elasticsearch-7.17.0\jdk], using bundled JDK [true]
[2022-11-23T15:26:41,811][INFO ][o.e.n.Node               ] [node-1] JVM arguments [-Des.networkaddress.cache.ttl=60, -Des.networkaddress.cache.negative.ttl=10, -XX:+AlwaysPreTouch, -Xss1m, -Djava.awt.headless=true, -Dfile.encoding=UTF-8, -Djna.nosys=true, -XX:-OmitStackTraceInFastThrow, -XX:+ShowCodeDetailsInExceptionMessages, -Dio.netty.noUnsafe=true, -Dio.netty.noKeySetOptimization=true, -Dio.netty.recycler.maxCapacityPerThread=0, -Dio.netty.allocator.numDirectArenas=0, -Dlog4j.shutdownHookEnabled=false, -Dlog4j2.disable.jmx=true, -Dlog4j2.formatMsgNoLookups=true, -Djava.locale.providers=SPI,COMPAT, --add-opens=java.base/java.io=ALL-UNNAMED, -XX:+UseG1GC, -Djava.io.tmpdir=C:\Users\301Lab\AppData\Local\Temp\elasticsearch, -XX:+HeapDumpOnOutOfMemoryError, -XX:+ExitOnOutOfMemoryError, -XX:HeapDumpPath=data, -XX:ErrorFile=logs/hs_err_pid%p.log, -Xlog:gc*,gc+age=trace,safepoint:file=logs/gc.log:utctime,pid,tags:filecount=32,filesize=64m, -Xms8054m, -Xmx8054m, -XX:MaxDirectMemorySize=4223664128, -XX:G1HeapRegionSize=4m, -XX:InitiatingHeapOccupancyPercent=30, -XX:G1ReservePercent=15, -Delasticsearch, -Des.path.home=C:\Users\301Lab\Desktop\elasticsearch-7.17.0, -Des.path.conf=C:\Users\301Lab\Desktop\elasticsearch-7.17.0\config, -Des.distribution.flavor=default, -Des.distribution.type=zip, -Des.bundled_jdk=true]
[2022-11-23T15:26:44,329][INFO ][o.e.p.PluginsService     ] [node-1] loaded module [aggs-matrix-stats]
[2022-11-23T15:26:44,330][INFO ][o.e.p.PluginsService     ] [node-1] loaded module [analysis-common]
[2022-11-23T15:26:44,331][INFO ][o.e.p.PluginsService     ] [node-1] loaded module [constant-keyword]
[2022-11-23T15:26:44,331][INFO ][o.e.p.PluginsService     ] [node-1] loaded module [frozen-indices]
[2022-11-23T15:26:44,331][INFO ][o.e.p.PluginsService     ] [node-1] loaded module [ingest-common]
[2022-11-23T15:26:44,331][INFO ][o.e.p.PluginsService     ] [node-1] loaded module [ingest-geoip]
[2022-11-23T15:26:44,331][INFO ][o.e.p.PluginsService     ] [node-1] loaded module [ingest-user-agent]
[2022-11-23T15:26:44,332][INFO ][o.e.p.PluginsService     ] [node-1] loaded module [kibana]
[2022-11-23T15:26:44,332][INFO ][o.e.p.PluginsService     ] [node-1] loaded module [lang-expression]
[2022-11-23T15:26:44,332][INFO ][o.e.p.PluginsService     ] [node-1] loaded module [lang-mustache]
[2022-11-23T15:26:44,332][INFO ][o.e.p.PluginsService     ] [node-1] loaded module [lang-painless]
[2022-11-23T15:26:44,332][INFO ][o.e.p.PluginsService     ] [node-1] loaded module [legacy-geo]
[2022-11-23T15:26:44,333][INFO ][o.e.p.PluginsService     ] [node-1] loaded module [mapper-extras]
[2022-11-23T15:26:44,333][INFO ][o.e.p.PluginsService     ] [node-1] loaded module [mapper-version]
[2022-11-23T15:26:44,333][INFO ][o.e.p.PluginsService     ] [node-1] loaded module [parent-join]
[2022-11-23T15:26:44,333][INFO ][o.e.p.PluginsService     ] [node-1] loaded module [percolator]
[2022-11-23T15:26:44,333][INFO ][o.e.p.PluginsService     ] [node-1] loaded module [rank-eval]
[2022-11-23T15:26:44,334][INFO ][o.e.p.PluginsService     ] [node-1] loaded module [reindex]
[2022-11-23T15:26:44,334][INFO ][o.e.p.PluginsService     ] [node-1] loaded module [repositories-metering-api]
[2022-11-23T15:26:44,334][INFO ][o.e.p.PluginsService     ] [node-1] loaded module [repository-encrypted]
[2022-11-23T15:26:44,334][INFO ][o.e.p.PluginsService     ] [node-1] loaded module [repository-url]
[2022-11-23T15:26:44,335][INFO ][o.e.p.PluginsService     ] [node-1] loaded module [runtime-fields-common]
[2022-11-23T15:26:44,335][INFO ][o.e.p.PluginsService     ] [node-1] loaded module [search-business-rules]
[2022-11-23T15:26:44,335][INFO ][o.e.p.PluginsService     ] [node-1] loaded module [searchable-snapshots]
[2022-11-23T15:26:44,335][INFO ][o.e.p.PluginsService     ] [node-1] loaded module [snapshot-repo-test-kit]
[2022-11-23T15:26:44,335][INFO ][o.e.p.PluginsService     ] [node-1] loaded module [spatial]
[2022-11-23T15:26:44,336][INFO ][o.e.p.PluginsService     ] [node-1] loaded module [transform]
[2022-11-23T15:26:44,336][INFO ][o.e.p.PluginsService     ] [node-1] loaded module [transport-netty4]
[2022-11-23T15:26:44,336][INFO ][o.e.p.PluginsService     ] [node-1] loaded module [unsigned-long]
[2022-11-23T15:26:44,336][INFO ][o.e.p.PluginsService     ] [node-1] loaded module [vector-tile]
[2022-11-23T15:26:44,336][INFO ][o.e.p.PluginsService     ] [node-1] loaded module [vectors]
[2022-11-23T15:26:44,336][INFO ][o.e.p.PluginsService     ] [node-1] loaded module [wildcard]
[2022-11-23T15:26:44,337][INFO ][o.e.p.PluginsService     ] [node-1] loaded module [x-pack-aggregate-metric]
[2022-11-23T15:26:44,337][INFO ][o.e.p.PluginsService     ] [node-1] loaded module [x-pack-analytics]
[2022-11-23T15:26:44,337][INFO ][o.e.p.PluginsService     ] [node-1] loaded module [x-pack-async]
[2022-11-23T15:26:44,337][INFO ][o.e.p.PluginsService     ] [node-1] loaded module [x-pack-async-search]
[2022-11-23T15:26:44,337][INFO ][o.e.p.PluginsService     ] [node-1] loaded module [x-pack-autoscaling]
[2022-11-23T15:26:44,338][INFO ][o.e.p.PluginsService     ] [node-1] loaded module [x-pack-ccr]
[2022-11-23T15:26:44,338][INFO ][o.e.p.PluginsService     ] [node-1] loaded module [x-pack-core]
[2022-11-23T15:26:44,338][INFO ][o.e.p.PluginsService     ] [node-1] loaded module [x-pack-data-streams]
[2022-11-23T15:26:44,338][INFO ][o.e.p.PluginsService     ] [node-1] loaded module [x-pack-deprecation]
[2022-11-23T15:26:44,338][INFO ][o.e.p.PluginsService     ] [node-1] loaded module [x-pack-enrich]
[2022-11-23T15:26:44,338][INFO ][o.e.p.PluginsService     ] [node-1] loaded module [x-pack-eql]
[2022-11-23T15:26:44,339][INFO ][o.e.p.PluginsService     ] [node-1] loaded module [x-pack-fleet]
[2022-11-23T15:26:44,339][INFO ][o.e.p.PluginsService     ] [node-1] loaded module [x-pack-graph]
[2022-11-23T15:26:44,339][INFO ][o.e.p.PluginsService     ] [node-1] loaded module [x-pack-identity-provider]
[2022-11-23T15:26:44,340][INFO ][o.e.p.PluginsService     ] [node-1] loaded module [x-pack-ilm]
[2022-11-23T15:26:44,340][INFO ][o.e.p.PluginsService     ] [node-1] loaded module [x-pack-logstash]
[2022-11-23T15:26:44,340][INFO ][o.e.p.PluginsService     ] [node-1] loaded module [x-pack-ml]
[2022-11-23T15:26:44,340][INFO ][o.e.p.PluginsService     ] [node-1] loaded module [x-pack-monitoring]
[2022-11-23T15:26:44,340][INFO ][o.e.p.PluginsService     ] [node-1] loaded module [x-pack-ql]
[2022-11-23T15:26:44,341][INFO ][o.e.p.PluginsService     ] [node-1] loaded module [x-pack-rollup]
[2022-11-23T15:26:44,341][INFO ][o.e.p.PluginsService     ] [node-1] loaded module [x-pack-security]
[2022-11-23T15:26:44,341][INFO ][o.e.p.PluginsService     ] [node-1] loaded module [x-pack-shutdown]
[2022-11-23T15:26:44,341][INFO ][o.e.p.PluginsService     ] [node-1] loaded module [x-pack-sql]
[2022-11-23T15:26:44,342][INFO ][o.e.p.PluginsService     ] [node-1] loaded module [x-pack-stack]
[2022-11-23T15:26:44,342][INFO ][o.e.p.PluginsService     ] [node-1] loaded module [x-pack-text-structure]
[2022-11-23T15:26:44,342][INFO ][o.e.p.PluginsService     ] [node-1] loaded module [x-pack-voting-only-node]
[2022-11-23T15:26:44,342][INFO ][o.e.p.PluginsService     ] [node-1] loaded module [x-pack-watcher]
[2022-11-23T15:26:44,343][INFO ][o.e.p.PluginsService     ] [node-1] no plugins loaded
[2022-11-23T15:26:44,569][ERROR][o.e.b.Bootstrap          ] [node-1] Exception
java.lang.IllegalStateException: data path [C:\Users\301Lab\Desktop\waste\springboot-elastic-search-example] is not compatible with Elasticsearch v7.17.0, perhaps it has already been upgraded to a later version
	at org.elasticsearch.env.NodeEnvironment.<init>(NodeEnvironment.java:286) ~[elasticsearch-7.17.0.jar:7.17.0]
	at org.elasticsearch.node.Node.<init>(Node.java:429) ~[elasticsearch-7.17.0.jar:7.17.0]
	at org.elasticsearch.node.Node.<init>(Node.java:309) ~[elasticsearch-7.17.0.jar:7.17.0]
	at org.elasticsearch.bootstrap.Bootstrap$5.<init>(Bootstrap.java:234) ~[elasticsearch-7.17.0.jar:7.17.0]
	at org.elasticsearch.bootstrap.Bootstrap.setup(Bootstrap.java:234) ~[elasticsearch-7.17.0.jar:7.17.0]
	at org.elasticsearch.bootstrap.Bootstrap.init(Bootstrap.java:434) [elasticsearch-7.17.0.jar:7.17.0]
	at org.elasticsearch.bootstrap.Elasticsearch.init(Elasticsearch.java:166) [elasticsearch-7.17.0.jar:7.17.0]
	at org.elasticsearch.bootstrap.Elasticsearch.execute(Elasticsearch.java:157) [elasticsearch-7.17.0.jar:7.17.0]
	at org.elasticsearch.cli.EnvironmentAwareCommand.execute(EnvironmentAwareCommand.java:77) [elasticsearch-7.17.0.jar:7.17.0]
	at org.elasticsearch.cli.Command.mainWithoutErrorHandling(Command.java:112) [elasticsearch-cli-7.17.0.jar:7.17.0]
	at org.elasticsearch.cli.Command.main(Command.java:77) [elasticsearch-cli-7.17.0.jar:7.17.0]
	at org.elasticsearch.bootstrap.Elasticsearch.main(Elasticsearch.java:122) [elasticsearch-7.17.0.jar:7.17.0]
	at org.elasticsearch.bootstrap.Elasticsearch.main(Elasticsearch.java:80) [elasticsearch-7.17.0.jar:7.17.0]
Caused by: java.lang.IllegalStateException: [C:\Users\301Lab\Desktop\waste\springboot-elastic-search-example\nodes] is a file which contains [written by Elasticsearch v8.5.1 to prevent a downgrade to a version prior to v8.0.0 which would result in data loss]
	... 13 more
[2022-11-23T15:26:44,574][ERROR][o.e.b.ElasticsearchUncaughtExceptionHandler] [node-1] uncaught exception in thread [main]
org.elasticsearch.bootstrap.StartupException: java.lang.IllegalStateException: data path [C:\Users\301Lab\Desktop\waste\springboot-elastic-search-example] is not compatible with Elasticsearch v7.17.0, perhaps it has already been upgraded to a later version
	at org.elasticsearch.bootstrap.Elasticsearch.init(Elasticsearch.java:170) ~[elasticsearch-7.17.0.jar:7.17.0]
	at org.elasticsearch.bootstrap.Elasticsearch.execute(Elasticsearch.java:157) ~[elasticsearch-7.17.0.jar:7.17.0]
	at org.elasticsearch.cli.EnvironmentAwareCommand.execute(EnvironmentAwareCommand.java:77) ~[elasticsearch-7.17.0.jar:7.17.0]
	at org.elasticsearch.cli.Command.mainWithoutErrorHandling(Command.java:112) ~[elasticsearch-cli-7.17.0.jar:7.17.0]
	at org.elasticsearch.cli.Command.main(Command.java:77) ~[elasticsearch-cli-7.17.0.jar:7.17.0]
	at org.elasticsearch.bootstrap.Elasticsearch.main(Elasticsearch.java:122) ~[elasticsearch-7.17.0.jar:7.17.0]
	at org.elasticsearch.bootstrap.Elasticsearch.main(Elasticsearch.java:80) ~[elasticsearch-7.17.0.jar:7.17.0]
Caused by: java.lang.IllegalStateException: data path [C:\Users\301Lab\Desktop\waste\springboot-elastic-search-example] is not compatible with Elasticsearch v7.17.0, perhaps it has already been upgraded to a later version
	at org.elasticsearch.env.NodeEnvironment.<init>(NodeEnvironment.java:286) ~[elasticsearch-7.17.0.jar:7.17.0]
	at org.elasticsearch.node.Node.<init>(Node.java:429) ~[elasticsearch-7.17.0.jar:7.17.0]
	at org.elasticsearch.node.Node.<init>(Node.java:309) ~[elasticsearch-7.17.0.jar:7.17.0]
	at org.elasticsearch.bootstrap.Bootstrap$5.<init>(Bootstrap.java:234) ~[elasticsearch-7.17.0.jar:7.17.0]
	at org.elasticsearch.bootstrap.Bootstrap.setup(Bootstrap.java:234) ~[elasticsearch-7.17.0.jar:7.17.0]
	at org.elasticsearch.bootstrap.Bootstrap.init(Bootstrap.java:434) ~[elasticsearch-7.17.0.jar:7.17.0]
	at org.elasticsearch.bootstrap.Elasticsearch.init(Elasticsearch.java:166) ~[elasticsearch-7.17.0.jar:7.17.0]
	... 6 more
Caused by: java.lang.IllegalStateException: [C:\Users\301Lab\Desktop\waste\springboot-elastic-search-example\nodes] is a file which contains [written by Elasticsearch v8.5.1 to prevent a downgrade to a version prior to v8.0.0 which would result in data loss]
	at org.elasticsearch.env.NodeEnvironment.<init>(NodeEnvironment.java:286) ~[elasticsearch-7.17.0.jar:7.17.0]
	at org.elasticsearch.node.Node.<init>(Node.java:429) ~[elasticsearch-7.17.0.jar:7.17.0]
	at org.elasticsearch.node.Node.<init>(Node.java:309) ~[elasticsearch-7.17.0.jar:7.17.0]
	at org.elasticsearch.bootstrap.Bootstrap$5.<init>(Bootstrap.java:234) ~[elasticsearch-7.17.0.jar:7.17.0]
	at org.elasticsearch.bootstrap.Bootstrap.setup(Bootstrap.java:234) ~[elasticsearch-7.17.0.jar:7.17.0]
	at org.elasticsearch.bootstrap.Bootstrap.init(Bootstrap.java:434) ~[elasticsearch-7.17.0.jar:7.17.0]
	at org.elasticsearch.bootstrap.Elasticsearch.init(Elasticsearch.java:166) ~[elasticsearch-7.17.0.jar:7.17.0]
	... 6 more
[2022-11-23T15:27:07,302][INFO ][o.e.n.Node               ] [node-1] version[7.17.0], pid[6348], build[default/zip/bee86328705acaa9a6daede7140defd4d9ec56bd/2022-01-28T08:36:04.875279988Z], OS[Windows 10/10.0/amd64], JVM[Eclipse Adoptium/OpenJDK 64-Bit Server VM/17.0.1/17.0.1+12]
[2022-11-23T15:27:07,308][INFO ][o.e.n.Node               ] [node-1] JVM home [C:\Users\301Lab\Desktop\elasticsearch-7.17.0\jdk], using bundled JDK [true]
[2022-11-23T15:27:07,309][INFO ][o.e.n.Node               ] [node-1] JVM arguments [-Des.networkaddress.cache.ttl=60, -Des.networkaddress.cache.negative.ttl=10, -XX:+AlwaysPreTouch, -Xss1m, -Djava.awt.headless=true, -Dfile.encoding=UTF-8, -Djna.nosys=true, -XX:-OmitStackTraceInFastThrow, -XX:+ShowCodeDetailsInExceptionMessages, -Dio.netty.noUnsafe=true, -Dio.netty.noKeySetOptimization=true, -Dio.netty.recycler.maxCapacityPerThread=0, -Dio.netty.allocator.numDirectArenas=0, -Dlog4j.shutdownHookEnabled=false, -Dlog4j2.disable.jmx=true, -Dlog4j2.formatMsgNoLookups=true, -Djava.locale.providers=SPI,COMPAT, --add-opens=java.base/java.io=ALL-UNNAMED, -XX:+UseG1GC, -Djava.io.tmpdir=C:\Users\301Lab\AppData\Local\Temp\elasticsearch, -XX:+HeapDumpOnOutOfMemoryError, -XX:+ExitOnOutOfMemoryError, -XX:HeapDumpPath=data, -XX:ErrorFile=logs/hs_err_pid%p.log, -Xlog:gc*,gc+age=trace,safepoint:file=logs/gc.log:utctime,pid,tags:filecount=32,filesize=64m, -Xms8054m, -Xmx8054m, -XX:MaxDirectMemorySize=4223664128, -XX:G1HeapRegionSize=4m, -XX:InitiatingHeapOccupancyPercent=30, -XX:G1ReservePercent=15, -Delasticsearch, -Des.path.home=C:\Users\301Lab\Desktop\elasticsearch-7.17.0, -Des.path.conf=C:\Users\301Lab\Desktop\elasticsearch-7.17.0\config, -Des.distribution.flavor=default, -Des.distribution.type=zip, -Des.bundled_jdk=true]
[2022-11-23T15:27:09,071][INFO ][o.e.p.PluginsService     ] [node-1] loaded module [aggs-matrix-stats]
[2022-11-23T15:27:31,893][INFO ][o.e.p.PluginsService     ] [node-1] loaded module [analysis-common]
[2022-11-23T15:27:31,894][INFO ][o.e.p.PluginsService     ] [node-1] loaded module [constant-keyword]
[2022-11-23T15:27:31,894][INFO ][o.e.p.PluginsService     ] [node-1] loaded module [frozen-indices]
[2022-11-23T15:27:31,894][INFO ][o.e.p.PluginsService     ] [node-1] loaded module [ingest-common]
[2022-11-23T15:27:31,895][INFO ][o.e.p.PluginsService     ] [node-1] loaded module [ingest-geoip]
[2022-11-23T15:27:31,895][INFO ][o.e.p.PluginsService     ] [node-1] loaded module [ingest-user-agent]
[2022-11-23T15:27:31,895][INFO ][o.e.p.PluginsService     ] [node-1] loaded module [kibana]
[2022-11-23T15:27:31,896][INFO ][o.e.p.PluginsService     ] [node-1] loaded module [lang-expression]
[2022-11-23T15:27:31,896][INFO ][o.e.p.PluginsService     ] [node-1] loaded module [lang-mustache]
[2022-11-23T15:27:31,896][INFO ][o.e.p.PluginsService     ] [node-1] loaded module [lang-painless]
[2022-11-23T15:27:31,896][INFO ][o.e.p.PluginsService     ] [node-1] loaded module [legacy-geo]
[2022-11-23T15:27:31,897][INFO ][o.e.p.PluginsService     ] [node-1] loaded module [mapper-extras]
[2022-11-23T15:27:31,897][INFO ][o.e.p.PluginsService     ] [node-1] loaded module [mapper-version]
[2022-11-23T15:27:31,897][INFO ][o.e.p.PluginsService     ] [node-1] loaded module [parent-join]
[2022-11-23T15:27:31,897][INFO ][o.e.p.PluginsService     ] [node-1] loaded module [percolator]
[2022-11-23T15:27:31,898][INFO ][o.e.p.PluginsService     ] [node-1] loaded module [rank-eval]
[2022-11-23T15:27:31,898][INFO ][o.e.p.PluginsService     ] [node-1] loaded module [reindex]
[2022-11-23T15:27:31,898][INFO ][o.e.p.PluginsService     ] [node-1] loaded module [repositories-metering-api]
[2022-11-23T15:27:31,898][INFO ][o.e.p.PluginsService     ] [node-1] loaded module [repository-encrypted]
[2022-11-23T15:27:31,899][INFO ][o.e.p.PluginsService     ] [node-1] loaded module [repository-url]
[2022-11-23T15:27:31,899][INFO ][o.e.p.PluginsService     ] [node-1] loaded module [runtime-fields-common]
[2022-11-23T15:27:31,899][INFO ][o.e.p.PluginsService     ] [node-1] loaded module [search-business-rules]
[2022-11-23T15:27:31,899][INFO ][o.e.p.PluginsService     ] [node-1] loaded module [searchable-snapshots]
[2022-11-23T15:27:31,900][INFO ][o.e.p.PluginsService     ] [node-1] loaded module [snapshot-repo-test-kit]
[2022-11-23T15:27:31,900][INFO ][o.e.p.PluginsService     ] [node-1] loaded module [spatial]
[2022-11-23T15:27:31,900][INFO ][o.e.p.PluginsService     ] [node-1] loaded module [transform]
[2022-11-23T15:27:31,900][INFO ][o.e.p.PluginsService     ] [node-1] loaded module [transport-netty4]
[2022-11-23T15:27:31,900][INFO ][o.e.p.PluginsService     ] [node-1] loaded module [unsigned-long]
[2022-11-23T15:27:31,900][INFO ][o.e.p.PluginsService     ] [node-1] loaded module [vector-tile]
[2022-11-23T15:27:31,901][INFO ][o.e.p.PluginsService     ] [node-1] loaded module [vectors]
[2022-11-23T15:27:31,901][INFO ][o.e.p.PluginsService     ] [node-1] loaded module [wildcard]
[2022-11-23T15:27:31,901][INFO ][o.e.p.PluginsService     ] [node-1] loaded module [x-pack-aggregate-metric]
[2022-11-23T15:27:31,901][INFO ][o.e.p.PluginsService     ] [node-1] loaded module [x-pack-analytics]
[2022-11-23T15:27:31,902][INFO ][o.e.p.PluginsService     ] [node-1] loaded module [x-pack-async]
[2022-11-23T15:27:31,902][INFO ][o.e.p.PluginsService     ] [node-1] loaded module [x-pack-async-search]
[2022-11-23T15:27:31,902][INFO ][o.e.p.PluginsService     ] [node-1] loaded module [x-pack-autoscaling]
[2022-11-23T15:27:31,902][INFO ][o.e.p.PluginsService     ] [node-1] loaded module [x-pack-ccr]
[2022-11-23T15:27:31,902][INFO ][o.e.p.PluginsService     ] [node-1] loaded module [x-pack-core]
[2022-11-23T15:27:31,903][INFO ][o.e.p.PluginsService     ] [node-1] loaded module [x-pack-data-streams]
[2022-11-23T15:27:31,904][INFO ][o.e.p.PluginsService     ] [node-1] loaded module [x-pack-deprecation]
[2022-11-23T15:27:31,908][INFO ][o.e.p.PluginsService     ] [node-1] loaded module [x-pack-enrich]
[2022-11-23T15:27:31,910][INFO ][o.e.p.PluginsService     ] [node-1] loaded module [x-pack-eql]
[2022-11-23T15:27:31,910][INFO ][o.e.p.PluginsService     ] [node-1] loaded module [x-pack-fleet]
[2022-11-23T15:27:31,911][INFO ][o.e.p.PluginsService     ] [node-1] loaded module [x-pack-graph]
[2022-11-23T15:27:31,911][INFO ][o.e.p.PluginsService     ] [node-1] loaded module [x-pack-identity-provider]
[2022-11-23T15:27:31,911][INFO ][o.e.p.PluginsService     ] [node-1] loaded module [x-pack-ilm]
[2022-11-23T15:27:31,911][INFO ][o.e.p.PluginsService     ] [node-1] loaded module [x-pack-logstash]
[2022-11-23T15:27:31,912][INFO ][o.e.p.PluginsService     ] [node-1] loaded module [x-pack-ml]
[2022-11-23T15:27:31,912][INFO ][o.e.p.PluginsService     ] [node-1] loaded module [x-pack-monitoring]
[2022-11-23T15:27:31,912][INFO ][o.e.p.PluginsService     ] [node-1] loaded module [x-pack-ql]
[2022-11-23T15:27:31,912][INFO ][o.e.p.PluginsService     ] [node-1] loaded module [x-pack-rollup]
[2022-11-23T15:27:31,913][INFO ][o.e.p.PluginsService     ] [node-1] loaded module [x-pack-security]
[2022-11-23T15:27:31,913][INFO ][o.e.p.PluginsService     ] [node-1] loaded module [x-pack-shutdown]
[2022-11-23T15:27:31,913][INFO ][o.e.p.PluginsService     ] [node-1] loaded module [x-pack-sql]
[2022-11-23T15:27:31,913][INFO ][o.e.p.PluginsService     ] [node-1] loaded module [x-pack-stack]
[2022-11-23T15:27:31,914][INFO ][o.e.p.PluginsService     ] [node-1] loaded module [x-pack-text-structure]
[2022-11-23T15:27:31,914][INFO ][o.e.p.PluginsService     ] [node-1] loaded module [x-pack-voting-only-node]
[2022-11-23T15:27:31,914][INFO ][o.e.p.PluginsService     ] [node-1] loaded module [x-pack-watcher]
[2022-11-23T15:27:31,915][INFO ][o.e.p.PluginsService     ] [node-1] no plugins loaded
[2022-11-23T15:27:32,113][ERROR][o.e.b.Bootstrap          ] [node-1] Exception
java.lang.IllegalStateException: data path [C:\Users\301Lab\Desktop\waste\springboot-elastic-search-example] is not compatible with Elasticsearch v7.17.0, perhaps it has already been upgraded to a later version
	at org.elasticsearch.env.NodeEnvironment.<init>(NodeEnvironment.java:286) ~[elasticsearch-7.17.0.jar:7.17.0]
	at org.elasticsearch.node.Node.<init>(Node.java:429) ~[elasticsearch-7.17.0.jar:7.17.0]
	at org.elasticsearch.node.Node.<init>(Node.java:309) ~[elasticsearch-7.17.0.jar:7.17.0]
	at org.elasticsearch.bootstrap.Bootstrap$5.<init>(Bootstrap.java:234) ~[elasticsearch-7.17.0.jar:7.17.0]
	at org.elasticsearch.bootstrap.Bootstrap.setup(Bootstrap.java:234) ~[elasticsearch-7.17.0.jar:7.17.0]
	at org.elasticsearch.bootstrap.Bootstrap.init(Bootstrap.java:434) [elasticsearch-7.17.0.jar:7.17.0]
	at org.elasticsearch.bootstrap.Elasticsearch.init(Elasticsearch.java:166) [elasticsearch-7.17.0.jar:7.17.0]
	at org.elasticsearch.bootstrap.Elasticsearch.execute(Elasticsearch.java:157) [elasticsearch-7.17.0.jar:7.17.0]
	at org.elasticsearch.cli.EnvironmentAwareCommand.execute(EnvironmentAwareCommand.java:77) [elasticsearch-7.17.0.jar:7.17.0]
	at org.elasticsearch.cli.Command.mainWithoutErrorHandling(Command.java:112) [elasticsearch-cli-7.17.0.jar:7.17.0]
	at org.elasticsearch.cli.Command.main(Command.java:77) [elasticsearch-cli-7.17.0.jar:7.17.0]
	at org.elasticsearch.bootstrap.Elasticsearch.main(Elasticsearch.java:122) [elasticsearch-7.17.0.jar:7.17.0]
	at org.elasticsearch.bootstrap.Elasticsearch.main(Elasticsearch.java:80) [elasticsearch-7.17.0.jar:7.17.0]
Caused by: java.lang.IllegalStateException: [C:\Users\301Lab\Desktop\waste\springboot-elastic-search-example\nodes] is a file which contains [written by Elasticsearch v8.5.1 to prevent a downgrade to a version prior to v8.0.0 which would result in data loss]
	... 13 more
[2022-11-23T15:27:32,117][ERROR][o.e.b.ElasticsearchUncaughtExceptionHandler] [node-1] uncaught exception in thread [main]
org.elasticsearch.bootstrap.StartupException: java.lang.IllegalStateException: data path [C:\Users\301Lab\Desktop\waste\springboot-elastic-search-example] is not compatible with Elasticsearch v7.17.0, perhaps it has already been upgraded to a later version
	at org.elasticsearch.bootstrap.Elasticsearch.init(Elasticsearch.java:170) ~[elasticsearch-7.17.0.jar:7.17.0]
	at org.elasticsearch.bootstrap.Elasticsearch.execute(Elasticsearch.java:157) ~[elasticsearch-7.17.0.jar:7.17.0]
	at org.elasticsearch.cli.EnvironmentAwareCommand.execute(EnvironmentAwareCommand.java:77) ~[elasticsearch-7.17.0.jar:7.17.0]
	at org.elasticsearch.cli.Command.mainWithoutErrorHandling(Command.java:112) ~[elasticsearch-cli-7.17.0.jar:7.17.0]
	at org.elasticsearch.cli.Command.main(Command.java:77) ~[elasticsearch-cli-7.17.0.jar:7.17.0]
	at org.elasticsearch.bootstrap.Elasticsearch.main(Elasticsearch.java:122) ~[elasticsearch-7.17.0.jar:7.17.0]
	at org.elasticsearch.bootstrap.Elasticsearch.main(Elasticsearch.java:80) ~[elasticsearch-7.17.0.jar:7.17.0]
Caused by: java.lang.IllegalStateException: data path [C:\Users\301Lab\Desktop\waste\springboot-elastic-search-example] is not compatible with Elasticsearch v7.17.0, perhaps it has already been upgraded to a later version
	at org.elasticsearch.env.NodeEnvironment.<init>(NodeEnvironment.java:286) ~[elasticsearch-7.17.0.jar:7.17.0]
	at org.elasticsearch.node.Node.<init>(Node.java:429) ~[elasticsearch-7.17.0.jar:7.17.0]
	at org.elasticsearch.node.Node.<init>(Node.java:309) ~[elasticsearch-7.17.0.jar:7.17.0]
	at org.elasticsearch.bootstrap.Bootstrap$5.<init>(Bootstrap.java:234) ~[elasticsearch-7.17.0.jar:7.17.0]
	at org.elasticsearch.bootstrap.Bootstrap.setup(Bootstrap.java:234) ~[elasticsearch-7.17.0.jar:7.17.0]
	at org.elasticsearch.bootstrap.Bootstrap.init(Bootstrap.java:434) ~[elasticsearch-7.17.0.jar:7.17.0]
	at org.elasticsearch.bootstrap.Elasticsearch.init(Elasticsearch.java:166) ~[elasticsearch-7.17.0.jar:7.17.0]
	... 6 more
Caused by: java.lang.IllegalStateException: [C:\Users\301Lab\Desktop\waste\springboot-elastic-search-example\nodes] is a file which contains [written by Elasticsearch v8.5.1 to prevent a downgrade to a version prior to v8.0.0 which would result in data loss]
	at org.elasticsearch.env.NodeEnvironment.<init>(NodeEnvironment.java:286) ~[elasticsearch-7.17.0.jar:7.17.0]
	at org.elasticsearch.node.Node.<init>(Node.java:429) ~[elasticsearch-7.17.0.jar:7.17.0]
	at org.elasticsearch.node.Node.<init>(Node.java:309) ~[elasticsearch-7.17.0.jar:7.17.0]
	at org.elasticsearch.bootstrap.Bootstrap$5.<init>(Bootstrap.java:234) ~[elasticsearch-7.17.0.jar:7.17.0]
	at org.elasticsearch.bootstrap.Bootstrap.setup(Bootstrap.java:234) ~[elasticsearch-7.17.0.jar:7.17.0]
	at org.elasticsearch.bootstrap.Bootstrap.init(Bootstrap.java:434) ~[elasticsearch-7.17.0.jar:7.17.0]
	at org.elasticsearch.bootstrap.Elasticsearch.init(Elasticsearch.java:166) ~[elasticsearch-7.17.0.jar:7.17.0]
	... 6 more
